<?xml version="1.0" encoding="UTF-8"?><testsuite errors="1" failures="0" name="Academy Choucair" skipped="0" tests="1" time="16.71" timestamp="2021-02-08 04:32:21"><testcase name="Search for a automation course"><error type="java.lang.NullPointerException"/><system-err>null&#13;
co.com.choucair.certification.proyectobase.tasks.Search.the(Search.java:18)&#13;
co.com.choucair.certification.proyectobase.stepdefinitions.ChoucairAcademyStepDefinitions.heSearchForTheCourseRecursosAutomatizacionBancolombiaOnTheChoucairAcademyPlatform(ChoucairAcademyStepDefinitions.java:34)&#13;
✽.he search for the course Recursos Automatizacion Bancolombia on the choucair academy platform(src/test/resources/features/academyChoucair.feature:13)&#13;
</system-err></testcase></testsuite>